c:\vunder\telltale\telltale inspector\x64\debug\telltaletoollib.pdb
c:\vunder\telltale\telltale inspector\x64\debug\telltaletoollib.idb
c:\vunder\telltale\telltaletoollib\telltaletoollib\x64\debug\window.obj
c:\vunder\telltale\telltaletoollib\telltaletoollib\x64\debug\block.obj
c:\vunder\telltale\telltaletoollib\telltaletoollib\x64\debug\statement.obj
c:\vunder\telltale\telltaletoollib\telltaletoollib\x64\debug\proto.obj
c:\vunder\telltale\telltaletoollib\telltaletoollib\x64\debug\lzio.obj
c:\vunder\telltale\telltaletoollib\telltaletoollib\x64\debug\lvm.obj
c:\vunder\telltale\telltaletoollib\telltaletoollib\x64\debug\liolib.obj
c:\vunder\telltale\telltaletoollib\telltaletoollib\x64\debug\linit.obj
c:\vunder\telltale\telltaletoollib\telltaletoollib\x64\debug\disassemble.obj
c:\vunder\telltale\telltaletoollib\telltaletoollib\x64\debug\decompile.obj
c:\vunder\telltale\telltaletoollib\telltaletoollib\x64\debug\bitwise.obj
c:\vunder\telltale\telltaletoollib\telltaletoollib\x64\debug\lgc.obj
c:\vunder\telltale\telltaletoollib\telltaletoollib\x64\debug\lfunc.obj
c:\vunder\telltale\telltaletoollib\telltaletoollib\x64\debug\ldump.obj
c:\vunder\telltale\telltaletoollib\telltaletoollib\x64\debug\ldo.obj
c:\vunder\telltale\telltaletoollib\telltaletoollib\x64\debug\ldebug.obj
c:\vunder\telltale\telltaletoollib\telltaletoollib\x64\debug\ldblib.obj
c:\vunder\telltale\telltaletoollib\telltaletoollib\x64\debug\lctype.obj
c:\vunder\telltale\telltaletoollib\telltaletoollib\x64\debug\lcorolib.obj
c:\vunder\telltale\telltaletoollib\telltaletoollib\x64\debug\lcode.obj
c:\vunder\telltale\telltaletoollib\telltaletoollib\x64\debug\lbitlib.obj
c:\vunder\telltale\telltaletoollib\telltaletoollib\x64\debug\lbaselib.obj
c:\vunder\telltale\telltaletoollib\telltaletoollib\x64\debug\lauxlib.obj
c:\vunder\telltale\telltaletoollib\telltaletoollib\x64\debug\lapi.obj
c:\vunder\telltale\telltaletoollib\telltaletoollib\x64\debug\guess.obj
c:\vunder\telltale\telltaletoollib\telltaletoollib\x64\debug\expression.obj
c:\vunder\telltale\telltaletoollib\telltaletoollib\x64\debug\framing.obj
c:\vunder\telltale\telltaletoollib\telltaletoollib\x64\debug\lundump.obj
c:\vunder\telltale\telltaletoollib\telltaletoollib\x64\debug\luadec.obj
c:\vunder\telltale\telltaletoollib\telltaletoollib\x64\debug\luac.obj
c:\vunder\telltale\telltaletoollib\telltaletoollib\x64\debug\lua.obj
c:\vunder\telltale\telltaletoollib\telltaletoollib\x64\debug\ltm.obj
c:\vunder\telltale\telltaletoollib\telltaletoollib\x64\debug\ltablib.obj
c:\vunder\telltale\telltaletoollib\telltaletoollib\x64\debug\ltable.obj
c:\vunder\telltale\telltaletoollib\telltaletoollib\x64\debug\lstrlib.obj
c:\vunder\telltale\telltaletoollib\telltaletoollib\x64\debug\lstring.obj
c:\vunder\telltale\telltaletoollib\telltaletoollib\x64\debug\lstate.obj
c:\vunder\telltale\telltaletoollib\telltaletoollib\x64\debug\lparser.obj
c:\vunder\telltale\telltaletoollib\telltaletoollib\x64\debug\loslib.obj
c:\vunder\telltale\telltaletoollib\telltaletoollib\x64\debug\lopcodes.obj
c:\vunder\telltale\telltaletoollib\telltaletoollib\x64\debug\lobject.obj
c:\vunder\telltale\telltaletoollib\telltaletoollib\x64\debug\loadlib.obj
c:\vunder\telltale\telltaletoollib\telltaletoollib\x64\debug\lmem.obj
c:\vunder\telltale\telltaletoollib\telltaletoollib\x64\debug\lmathlib.obj
c:\vunder\telltale\telltaletoollib\telltaletoollib\x64\debug\llex.obj
c:\vunder\telltale\telltaletoollib\telltaletoollib\x64\debug\bitrate.obj
c:\vunder\telltale\telltaletoollib\telltaletoollib\x64\debug\analysis.obj
c:\vunder\telltale\telltaletoollib\telltaletoollib\x64\debug\zutil.obj
c:\vunder\telltale\telltaletoollib\telltaletoollib\x64\debug\uncompr.obj
c:\vunder\telltale\telltaletoollib\telltaletoollib\x64\debug\trees.obj
c:\vunder\telltale\telltaletoollib\telltaletoollib\x64\debug\inftrees.obj
c:\vunder\telltale\telltaletoollib\telltaletoollib\x64\debug\inflate.obj
c:\vunder\telltale\telltaletoollib\telltaletoollib\x64\debug\inffast.obj
c:\vunder\telltale\telltaletoollib\telltaletoollib\x64\debug\infback.obj
c:\vunder\telltale\telltaletoollib\telltaletoollib\x64\debug\deflate.obj
c:\vunder\telltale\telltaletoollib\telltaletoollib\x64\debug\crc32.obj
c:\vunder\telltale\telltaletoollib\telltaletoollib\x64\debug\compress.obj
c:\vunder\telltale\telltaletoollib\telltaletoollib\x64\debug\adler32.obj
c:\vunder\telltale\telltaletoollib\telltaletoollib\x64\debug\structs.obj
c:\vunder\telltale\telltaletoollib\telltaletoollib\x64\debug\stringbuffer.obj
c:\vunder\telltale\telltaletoollib\telltaletoollib\x64\debug\macro-array.obj
c:\vunder\telltale\telltaletoollib\telltaletoollib\x64\debug\vorbisfile.obj
c:\vunder\telltale\telltaletoollib\telltaletoollib\x64\debug\vorbisenc.obj
c:\vunder\telltale\telltaletoollib\telltaletoollib\x64\debug\synthesis.obj
c:\vunder\telltale\telltaletoollib\telltaletoollib\x64\debug\smallft.obj
c:\vunder\telltale\telltaletoollib\telltaletoollib\x64\debug\sharedbook.obj
c:\vunder\telltale\telltaletoollib\telltaletoollib\x64\debug\res0.obj
c:\vunder\telltale\telltaletoollib\telltaletoollib\x64\debug\registry.obj
c:\vunder\telltale\telltaletoollib\telltaletoollib\x64\debug\psy.obj
c:\vunder\telltale\telltaletoollib\telltaletoollib\x64\debug\misc.obj
c:\vunder\telltale\telltaletoollib\telltaletoollib\x64\debug\mdct.obj
c:\vunder\telltale\telltaletoollib\telltaletoollib\x64\debug\mapping0.obj
c:\vunder\telltale\telltaletoollib\telltaletoollib\x64\debug\lsp.obj
c:\vunder\telltale\telltaletoollib\telltaletoollib\x64\debug\lpc.obj
c:\vunder\telltale\telltaletoollib\telltaletoollib\x64\debug\lookup.obj
c:\vunder\telltale\telltaletoollib\telltaletoollib\x64\debug\info.obj
c:\vunder\telltale\telltaletoollib\telltaletoollib\x64\debug\floor1.obj
c:\vunder\telltale\telltaletoollib\telltaletoollib\x64\debug\floor0.obj
c:\vunder\telltale\telltaletoollib\telltaletoollib\x64\debug\envelope.obj
c:\vunder\telltale\telltaletoollib\telltaletoollib\x64\debug\codebook.obj
c:\vunder\telltale\telltaletoollib\telltaletoollib\x64\debug\vorbisheaders.obj
c:\vunder\telltale\telltaletoollib\telltaletoollib\x64\debug\datastream.obj
c:\vunder\telltale\telltaletoollib\telltaletoollib\x64\debug\compression.obj
c:\vunder\telltale\telltaletoollib\telltaletoollib\x64\debug\blowfish.obj
c:\vunder\telltale\telltaletoollib\telltaletoollib\x64\debug\hashdb.obj
c:\vunder\telltale\telltaletoollib\telltaletoollib\x64\debug\fsb5.obj
c:\vunder\telltale\telltaletoollib\telltaletoollib\x64\debug\t3texture.obj
c:\vunder\telltale\telltaletoollib\telltaletoollib\x64\debug\eventstorage.obj
c:\vunder\telltale\telltaletoollib\telltaletoollib\x64\debug\ttarchive2.obj
c:\vunder\telltale\telltaletoollib\telltaletoollib\x64\debug\telltaletoollibrary.obj
c:\vunder\telltale\telltaletoollib\telltaletoollib\x64\debug\t3effectcache.obj
c:\vunder\telltale\telltaletoollib\telltaletoollib\x64\debug\metastream_json.obj
c:\vunder\telltale\telltaletoollib\telltaletoollib\x64\debug\meta.obj
c:\vunder\telltale\telltaletoollib\telltaletoollib\x64\debug\cmd.obj
c:\vunder\telltale\telltale inspector\x64\debug\telltaletoollib.lib
c:\vunder\telltale\telltaletoollib\telltaletoollib\x64\debug\telltaletoollib.tlog\cl.command.1.tlog
c:\vunder\telltale\telltaletoollib\telltaletoollib\x64\debug\telltaletoollib.tlog\cl.read.1.tlog
c:\vunder\telltale\telltaletoollib\telltaletoollib\x64\debug\telltaletoollib.tlog\cl.write.1.tlog
c:\vunder\telltale\telltaletoollib\telltaletoollib\x64\debug\telltaletoollib.tlog\lib-link.read.1.tlog
c:\vunder\telltale\telltaletoollib\telltaletoollib\x64\debug\telltaletoollib.tlog\lib-link.write.1.tlog
c:\vunder\telltale\telltaletoollib\telltaletoollib\x64\debug\telltaletoollib.tlog\lib.command.1.tlog
